* SnowSQL * v1.2.32
Type SQL statements or !help
+----------------------------------+
| status                           |
|----------------------------------|
| Statement executed successfully. |
+----------------------------------+
1 Row(s) produced. Time Elapsed: 0.391s
+----------------------------------+
| status                           |
|----------------------------------|
| Statement executed successfully. |
+----------------------------------+
1 Row(s) produced. Time Elapsed: 1.023s
+----------------------------------+
| status                           |
|----------------------------------|
| Statement executed successfully. |
+----------------------------------+
1 Row(s) produced. Time Elapsed: 0.112s
+------------------------------------------------------+
| status                                               |
|------------------------------------------------------|
| Stage area FROSTY_FRIDAY_STAGE successfully created. |
+------------------------------------------------------+
1 Row(s) produced. Time Elapsed: 0.640s
+-----------------------------------------------+------+----------------------------------+-------------------------------+
| name                                          | size | md5                              | last_modified                 |
|-----------------------------------------------+------+----------------------------------+-------------------------------|
| s3://frostyfridaychallenges/challenge_1/1.csv |   23 | 70e8579de8004dd6e8fd269af0231924 | Fri, 17 Feb 2023 17:52:39 GMT |
| s3://frostyfridaychallenges/challenge_1/2.csv |   10 | e8a01933feaebcfa84076d625b92a533 | Fri, 17 Feb 2023 17:52:39 GMT |
| s3://frostyfridaychallenges/challenge_1/3.csv |   49 | d275af77c97adf8a6886f2ab68449cf3 | Fri, 17 Feb 2023 17:52:38 GMT |
+-----------------------------------------------+------+----------------------------------+-------------------------------+
3 Row(s) produced. Time Elapsed: 0.988s
+--------+
| _1     |
|--------|
| result |
| you    |
| have   |
| gotten |
+--------+
4 Row(s) produced. Time Elapsed: 4.869s
+------------------------------------------------+
| status                                         |
|------------------------------------------------|
| Table CHALLENGE_1_RESULT successfully created. |
+------------------------------------------------+
1 Row(s) produced. Time Elapsed: 0.348s
+-----------------------------------------------+--------+-------------+-------------+-------------+-------------+-------------+------------------+-----------------------+-------------------------+
| file                                          | status | rows_parsed | rows_loaded | error_limit | errors_seen | first_error | first_error_line | first_error_character | first_error_column_name |
|-----------------------------------------------+--------+-------------+-------------+-------------+-------------+-------------+------------------+-----------------------+-------------------------|
| s3://frostyfridaychallenges/challenge_1/2.csv | LOADED |           1 |           1 |           1 |           0 | NULL        |             NULL |                  NULL | NULL                    |
| s3://frostyfridaychallenges/challenge_1/1.csv | LOADED |           3 |           3 |           1 |           0 | NULL        |             NULL |                  NULL | NULL                    |
| s3://frostyfridaychallenges/challenge_1/3.csv | LOADED |           4 |           4 |           1 |           0 | NULL        |             NULL |                  NULL | NULL                    |
+-----------------------------------------------+--------+-------------+-------------+-------------+-------------+-------------+------------------+-----------------------+-------------------------+
3 Row(s) produced. Time Elapsed: 3.883s
+-------------------------------------------+
| RESULT                                    |
|-------------------------------------------|
| you have gotten it right congratulations! |
+-------------------------------------------+
1 Row(s) produced. Time Elapsed: 0.335s
+------------------------------------------------------+
| status                                               |
|------------------------------------------------------|
| File format CHALLENGE_1_FORMAT successfully created. |
+------------------------------------------------------+
1 Row(s) produced. Time Elapsed: 0.189s
+------------------------------------------------+
| status                                         |
|------------------------------------------------|
| Table CHALLENGE_1_RESULT successfully created. |
+------------------------------------------------+
1 Row(s) produced. Time Elapsed: 2.252s
+-------------------------------------------+
| RESULT                                    |
|-------------------------------------------|
| you have gotten it right congratulations! |
+-------------------------------------------+
1 Row(s) produced. Time Elapsed: 0.267s
+------------------------------------------------+
| status                                         |
|------------------------------------------------|
| Table CHALLENGE_1_RESULT successfully created. |
+------------------------------------------------+
1 Row(s) produced. Time Elapsed: 2.738s
+-------------------------------------------+
| RESULT                                    |
|-------------------------------------------|
| you have gotten it right congratulations! |
+-------------------------------------------+
1 Row(s) produced. Time Elapsed: 0.321s
+------------------------------------------------------+
| status                                               |
|------------------------------------------------------|
| File format CHALLENGE_1_FORMAT successfully created. |
+------------------------------------------------------+
1 Row(s) produced. Time Elapsed: 0.578s
+------------------------------------------------+
| status                                         |
|------------------------------------------------|
| Table CHALLENGE_1_RESULT successfully created. |
+------------------------------------------------+
1 Row(s) produced. Time Elapsed: 1.782s
+--------+-------------------+--------+-------+---------+-------------+------------+-------+------------+---------+-------------+----------------+
| name   | type              | kind   | null? | default | primary key | unique key | check | expression | comment | policy name | privacy domain |
|--------+-------------------+--------+-------+---------+-------------+------------+-------+------------+---------+-------------+----------------|
| result | VARCHAR(16777216) | COLUMN | Y     | NULL    | N           | N          | NULL  | NULL       | NULL    | NULL        | NULL           |
+--------+-------------------+--------+-------+---------+-------------+------------+-------+------------+---------+-------------+----------------+
1 Row(s) produced. Time Elapsed: 0.747s
+-----------------------------------------------+--------+-------------+-------------+-------------+-------------+-------------+------------------+-----------------------+-------------------------+
| file                                          | status | rows_parsed | rows_loaded | error_limit | errors_seen | first_error | first_error_line | first_error_character | first_error_column_name |
|-----------------------------------------------+--------+-------------+-------------+-------------+-------------+-------------+------------------+-----------------------+-------------------------|
| s3://frostyfridaychallenges/challenge_1/2.csv | LOADED |           1 |           1 |           1 |           0 | NULL        |             NULL |                  NULL | NULL                    |
| s3://frostyfridaychallenges/challenge_1/3.csv | LOADED |           4 |           4 |           1 |           0 | NULL        |             NULL |                  NULL | NULL                    |
| s3://frostyfridaychallenges/challenge_1/1.csv | LOADED |           3 |           3 |           1 |           0 | NULL        |             NULL |                  NULL | NULL                    |
+-----------------------------------------------+--------+-------------+-------------+-------------+-------------+-------------+------------------+-----------------------+-------------------------+
3 Row(s) produced. Time Elapsed: 1.963s
+------------------+
| result           |
|------------------|
| it               |
| right            |
| NULL             |
| totally_empty    |
| congratulations! |
| you              |
| have             |
| gotten           |
+------------------+
8 Row(s) produced. Time Elapsed: 0.592s
+-------------------------------------------+
| RESULT                                    |
|-------------------------------------------|
| it right congratulations! you have gotten |
+-------------------------------------------+
1 Row(s) produced. Time Elapsed: 0.102s
-- insert の順序は不定。たまーに結合結果の文章がおかしいはず。。。ログ参照
Goodbye!
